<?xml version="1.0" encoding="UTF-8"?>
<!-- Generated by org.testng.reporters.JUnitReportReporter -->
<testsuite skipped="0" hostname="Mohammeds-MBP.fios-router.home" name="cignahomepage.CignaHomePageTest" tests="21" failures="0" timestamp="01 Apr 2019 22:08:31 GMT" time="153.019" errors="0">
  <testcase name="aboutUsLinkClickTest" time="8.385" classname="cignahomepage.CignaHomePageTest"/>
  <testcase name="employersAndProvidersLinkClickTest" time="7.169" classname="cignahomepage.CignaHomePageTest"/>
  <testcase name="learnMoreAboutTheConnectionTabClick" time="7.281" classname="cignahomepage.CignaHomePageTest"/>
  <testcase name="shopMedicareSupplimentPlansTabClick" time="5.799" classname="cignahomepage.CignaHomePageTest"/>
  <testcase name="employerGroupSolutionsTabTest" time="6.633" classname="cignahomepage.CignaHomePageTest"/>
  <testcase name="contactUsLinkClickTest" time="10.745" classname="cignahomepage.CignaHomePageTest"/>
  <testcase name="medicareSupplementInsuranceTeaserContentClickTest" time="7.340" classname="cignahomepage.CignaHomePageTest"/>
  <testcase name="findADoctorDentistOrFacilityLinkClickTest" time="7.052" classname="cignahomepage.CignaHomePageTest"/>
  <testcase name="internationalCoverageTabClickTest" time="7.182" classname="cignahomepage.CignaHomePageTest"/>
  <testcase name="employeePlansAndPoliciesTabClick" time="7.009" classname="cignahomepage.CignaHomePageTest"/>
  <testcase name="otherSupplementalInsuranceTabClickTest" time="7.937" classname="cignahomepage.CignaHomePageTest"/>
  <testcase name="logInToMyCignaTabClick" time="7.163" classname="cignahomepage.CignaHomePageTest"/>
  <testcase name="healthInsuranceTabClickTest" time="6.574" classname="cignahomepage.CignaHomePageTest"/>
  <testcase name="disasterResourceCenterLinkTest" time="7.496" classname="cignahomepage.CignaHomePageTest"/>
  <testcase name="dentalInsuranceTabClickTest" time="7.843" classname="cignahomepage.CignaHomePageTest"/>
  <testcase name="homePageNavigationTest" time="7.366" classname="cignahomepage.CignaHomePageTest"/>
  <testcase name="individualsAndFamiliesTabLinkClickTest" time="7.407" classname="cignahomepage.CignaHomePageTest"/>
  <testcase name="medicareProductsTabClickTest" time="5.755" classname="cignahomepage.CignaHomePageTest"/>
  <testcase name="healthCareProvidersLinkClickTest" time="6.652" classname="cignahomepage.CignaHomePageTest"/>
  <testcase name="cignaInternationalLinkClickTest" time="7.483" classname="cignahomepage.CignaHomePageTest"/>
  <testcase name="shopDentalPlansTabClickTest" time="6.748" classname="cignahomepage.CignaHomePageTest"/>
</testsuite> <!-- cignahomepage.CignaHomePageTest -->
