<?xml version="1.0" encoding="UTF-8"?>
<testsuite xmlns:xsi="http://www.w3.org/2001/XMLSchema-instance" xsi:noNamespaceSchemaLocation="https://maven.apache.org/surefire/maven-surefire-plugin/xsd/surefire-test-report-3.0.xsd" version="3.0" name="TestSuite" time="174.584" tests="23" errors="0" skipped="0" failures="1">
  <properties>
    <property name="gopherProxySet" value="false"/>
    <property name="awt.toolkit" value="sun.lwawt.macosx.LWCToolkit"/>
    <property name="file.encoding.pkg" value="sun.io"/>
    <property name="java.specification.version" value="1.8"/>
    <property name="sun.cpu.isalist" value=""/>
    <property name="sun.jnu.encoding" value="UTF-8"/>
    <property name="java.class.path" value="/Users/mohammedmannan/IdeaProjects/WebAutomationGroup3/Cigna/target/test-classes:/Users/mohammedmannan/IdeaProjects/WebAutomationGroup3/Cigna/target/classes:/Users/mohammedmannan/.m2/repository/com/Automationgroup3/Generic/1.0-SNAPSHOT/Generic-1.0-SNAPSHOT.jar:/Users/mohammedmannan/.m2/repository/org/seleniumhq/selenium/selenium-server/3.141.59/selenium-server-3.141.59.jar:/Users/mohammedmannan/.m2/repository/org/seleniumhq/selenium/selenium-api/3.141.59/selenium-api-3.141.59.jar:/Users/mohammedmannan/.m2/repository/org/seleniumhq/selenium/selenium-chrome-driver/3.141.59/selenium-chrome-driver-3.141.59.jar:/Users/mohammedmannan/.m2/repository/org/seleniumhq/selenium/selenium-edge-driver/3.141.59/selenium-edge-driver-3.141.59.jar:/Users/mohammedmannan/.m2/repository/org/seleniumhq/selenium/selenium-firefox-driver/3.141.59/selenium-firefox-driver-3.141.59.jar:/Users/mohammedmannan/.m2/repository/org/seleniumhq/selenium/selenium-ie-driver/3.141.59/selenium-ie-driver-3.141.59.jar:/Users/mohammedmannan/.m2/repository/org/seleniumhq/selenium/selenium-opera-driver/3.141.59/selenium-opera-driver-3.141.59.jar:/Users/mohammedmannan/.m2/repository/org/seleniumhq/selenium/selenium-remote-driver/3.141.59/selenium-remote-driver-3.141.59.jar:/Users/mohammedmannan/.m2/repository/org/seleniumhq/selenium/selenium-safari-driver/3.141.59/selenium-safari-driver-3.141.59.jar:/Users/mohammedmannan/.m2/repository/org/seleniumhq/selenium/selenium-support/3.141.59/selenium-support-3.141.59.jar:/Users/mohammedmannan/.m2/repository/com/beust/jcommander/1.72/jcommander-1.72.jar:/Users/mohammedmannan/.m2/repository/net/bytebuddy/byte-buddy/1.8.15/byte-buddy-1.8.15.jar:/Users/mohammedmannan/.m2/repository/org/apache/commons/commons-exec/1.3/commons-exec-1.3.jar:/Users/mohammedmannan/.m2/repository/com/google/guava/guava/25.0-jre/guava-25.0-jre.jar:/Users/mohammedmannan/.m2/repository/com/google/code/findbugs/jsr305/1.3.9/jsr305-1.3.9.jar:/Users/mohammedmannan/.m2/repository/org/checkerframework/checker-compat-qual/2.0.0/checker-compat-qual-2.0.0.jar:/Users/mohammedmannan/.m2/repository/com/google/errorprone/error_prone_annotations/2.1.3/error_prone_annotations-2.1.3.jar:/Users/mohammedmannan/.m2/repository/com/google/j2objc/j2objc-annotations/1.1/j2objc-annotations-1.1.jar:/Users/mohammedmannan/.m2/repository/org/codehaus/mojo/animal-sniffer-annotations/1.14/animal-sniffer-annotations-1.14.jar:/Users/mohammedmannan/.m2/repository/net/jcip/jcip-annotations/1.0/jcip-annotations-1.0.jar:/Users/mohammedmannan/.m2/repository/org/seleniumhq/selenium/jetty-repacked/9.4.12.v20180830/jetty-repacked-9.4.12.v20180830.jar:/Users/mohammedmannan/.m2/repository/com/squareup/okhttp3/okhttp/3.11.0/okhttp-3.11.0.jar:/Users/mohammedmannan/.m2/repository/com/squareup/okio/okio/1.14.0/okio-1.14.0.jar:/Users/mohammedmannan/.m2/repository/javax/servlet/javax.servlet-api/3.1.0/javax.servlet-api-3.1.0.jar:/Users/mohammedmannan/.m2/repository/org/yaml/snakeyaml/1.19/snakeyaml-1.19.jar:/Users/mohammedmannan/.m2/repository/org/seleniumhq/selenium/selenium-java/3.141.59/selenium-java-3.141.59.jar:/Users/mohammedmannan/.m2/repository/org/testng/testng/6.14.3/testng-6.14.3.jar:/Users/mohammedmannan/.m2/repository/org/apache-extras/beanshell/bsh/2.0b6/bsh-2.0b6.jar:/Users/mohammedmannan/.m2/repository/mysql/mysql-connector-java/8.0.15/mysql-connector-java-8.0.15.jar:/Users/mohammedmannan/.m2/repository/com/google/protobuf/protobuf-java/3.6.1/protobuf-java-3.6.1.jar:/Users/mohammedmannan/.m2/repository/org/mongodb/mongodb-driver/3.4.0/mongodb-driver-3.4.0.jar:/Users/mohammedmannan/.m2/repository/org/mongodb/mongodb-driver-core/3.4.0/mongodb-driver-core-3.4.0.jar:/Users/mohammedmannan/.m2/repository/org/mongodb/bson/3.4.0/bson-3.4.0.jar:/Users/mohammedmannan/.m2/repository/org/apache/poi/poi/3.17/poi-3.17.jar:/Users/mohammedmannan/.m2/repository/commons-codec/commons-codec/1.10/commons-codec-1.10.jar:/Users/mohammedmannan/.m2/repository/org/apache/commons/commons-collections4/4.1/commons-collections4-4.1.jar:/Users/mohammedmannan/.m2/repository/com/aventstack/extentreports/3.0.7/extentreports-3.0.7.jar:/Users/mohammedmannan/.m2/repository/org/freemarker/freemarker/2.3.23/freemarker-2.3.23.jar:/Users/mohammedmannan/.m2/repository/org/apache/httpcomponents/httpclient/4.5.2/httpclient-4.5.2.jar:/Users/mohammedmannan/.m2/repository/org/apache/httpcomponents/httpcore/4.4.4/httpcore-4.4.4.jar:/Users/mohammedmannan/.m2/repository/commons-logging/commons-logging/1.2/commons-logging-1.2.jar:/Users/mohammedmannan/.m2/repository/org/apache/httpcomponents/httpmime/4.5.2/httpmime-4.5.2.jar:/Users/mohammedmannan/.m2/repository/org/jsoup/jsoup/1.9.2/jsoup-1.9.2.jar:/Users/mohammedmannan/.m2/repository/com/google/code/gson/gson/2.8.0/gson-2.8.0.jar:/Users/mohammedmannan/.m2/repository/com/relevantcodes/extentreports/2.41.1/extentreports-2.41.1.jar:/Users/mohammedmannan/.m2/repository/org/xerial/sqlite-jdbc/3.8.11.1/sqlite-jdbc-3.8.11.1.jar:/Users/mohammedmannan/.m2/repository/org/apache/commons/commons-lang3/3.0/commons-lang3-3.0.jar:/Users/mohammedmannan/.m2/repository/commons-io/commons-io/2.5/commons-io-2.5.jar:/Users/mohammedmannan/.m2/repository/io/cucumber/cucumber-java/4.2.3/cucumber-java-4.2.3.jar:/Users/mohammedmannan/.m2/repository/io/cucumber/cucumber-picocontainer/4.2.3/cucumber-picocontainer-4.2.3.jar:/Users/mohammedmannan/.m2/repository/org/picocontainer/picocontainer/2.15/picocontainer-2.15.jar:/Users/mohammedmannan/.m2/repository/io/cucumber/cucumber-junit/4.2.3/cucumber-junit-4.2.3.jar:/Users/mohammedmannan/.m2/repository/junit/junit/4.12/junit-4.12.jar:/Users/mohammedmannan/.m2/repository/org/hamcrest/hamcrest-core/1.3/hamcrest-core-1.3.jar:/Users/mohammedmannan/.m2/repository/io/cucumber/cucumber-core/4.2.3/cucumber-core-4.2.3.jar:/Users/mohammedmannan/.m2/repository/io/cucumber/cucumber-html/0.2.7/cucumber-html-0.2.7.jar:/Users/mohammedmannan/.m2/repository/io/cucumber/gherkin/5.1.0/gherkin-5.1.0.jar:/Users/mohammedmannan/.m2/repository/io/cucumber/tag-expressions/1.1.1/tag-expressions-1.1.1.jar:/Users/mohammedmannan/.m2/repository/io/cucumber/cucumber-expressions/6.2.0/cucumber-expressions-6.2.0.jar:/Users/mohammedmannan/.m2/repository/io/cucumber/datatable/1.1.12/datatable-1.1.12.jar:/Users/mohammedmannan/.m2/repository/io/cucumber/datatable-dependencies/1.1.12/datatable-dependencies-1.1.12.jar:/Users/mohammedmannan/.m2/repository/io/cucumber/cucumber-testng/4.2.3/cucumber-testng-4.2.3.jar:"/>
    <property name="java.vm.vendor" value="Oracle Corporation"/>
    <property name="sun.arch.data.model" value="64"/>
    <property name="java.vendor.url" value="http://java.oracle.com/"/>
    <property name="user.timezone" value=""/>
    <property name="java.vm.specification.version" value="1.8"/>
    <property name="os.name" value="Mac OS X"/>
    <property name="user.country" value="US"/>
    <property name="sun.java.launcher" value="SUN_STANDARD"/>
    <property name="sun.boot.library.path" value="/Library/Java/JavaVirtualMachines/jdk1.8.0_201.jdk/Contents/Home/jre/lib"/>
    <property name="sun.java.command" value="/Users/mohammedmannan/IdeaProjects/WebAutomationGroup3/Cigna/target/surefire/surefirebooter1384573021712053538.jar /Users/mohammedmannan/IdeaProjects/WebAutomationGroup3/Cigna/target/surefire 2019-04-01T18-05-36_464-jvmRun1 surefire1590727650291179358tmp surefire_04266813903451207592tmp"/>
    <property name="http.nonProxyHosts" value="local|*.local|169.254/16|*.169.254/16"/>
    <property name="surefire.test.class.path" value="/Users/mohammedmannan/IdeaProjects/WebAutomationGroup3/Cigna/target/test-classes:/Users/mohammedmannan/IdeaProjects/WebAutomationGroup3/Cigna/target/classes:/Users/mohammedmannan/.m2/repository/com/Automationgroup3/Generic/1.0-SNAPSHOT/Generic-1.0-SNAPSHOT.jar:/Users/mohammedmannan/.m2/repository/org/seleniumhq/selenium/selenium-server/3.141.59/selenium-server-3.141.59.jar:/Users/mohammedmannan/.m2/repository/org/seleniumhq/selenium/selenium-api/3.141.59/selenium-api-3.141.59.jar:/Users/mohammedmannan/.m2/repository/org/seleniumhq/selenium/selenium-chrome-driver/3.141.59/selenium-chrome-driver-3.141.59.jar:/Users/mohammedmannan/.m2/repository/org/seleniumhq/selenium/selenium-edge-driver/3.141.59/selenium-edge-driver-3.141.59.jar:/Users/mohammedmannan/.m2/repository/org/seleniumhq/selenium/selenium-firefox-driver/3.141.59/selenium-firefox-driver-3.141.59.jar:/Users/mohammedmannan/.m2/repository/org/seleniumhq/selenium/selenium-ie-driver/3.141.59/selenium-ie-driver-3.141.59.jar:/Users/mohammedmannan/.m2/repository/org/seleniumhq/selenium/selenium-opera-driver/3.141.59/selenium-opera-driver-3.141.59.jar:/Users/mohammedmannan/.m2/repository/org/seleniumhq/selenium/selenium-remote-driver/3.141.59/selenium-remote-driver-3.141.59.jar:/Users/mohammedmannan/.m2/repository/org/seleniumhq/selenium/selenium-safari-driver/3.141.59/selenium-safari-driver-3.141.59.jar:/Users/mohammedmannan/.m2/repository/org/seleniumhq/selenium/selenium-support/3.141.59/selenium-support-3.141.59.jar:/Users/mohammedmannan/.m2/repository/com/beust/jcommander/1.72/jcommander-1.72.jar:/Users/mohammedmannan/.m2/repository/net/bytebuddy/byte-buddy/1.8.15/byte-buddy-1.8.15.jar:/Users/mohammedmannan/.m2/repository/org/apache/commons/commons-exec/1.3/commons-exec-1.3.jar:/Users/mohammedmannan/.m2/repository/com/google/guava/guava/25.0-jre/guava-25.0-jre.jar:/Users/mohammedmannan/.m2/repository/com/google/code/findbugs/jsr305/1.3.9/jsr305-1.3.9.jar:/Users/mohammedmannan/.m2/repository/org/checkerframework/checker-compat-qual/2.0.0/checker-compat-qual-2.0.0.jar:/Users/mohammedmannan/.m2/repository/com/google/errorprone/error_prone_annotations/2.1.3/error_prone_annotations-2.1.3.jar:/Users/mohammedmannan/.m2/repository/com/google/j2objc/j2objc-annotations/1.1/j2objc-annotations-1.1.jar:/Users/mohammedmannan/.m2/repository/org/codehaus/mojo/animal-sniffer-annotations/1.14/animal-sniffer-annotations-1.14.jar:/Users/mohammedmannan/.m2/repository/net/jcip/jcip-annotations/1.0/jcip-annotations-1.0.jar:/Users/mohammedmannan/.m2/repository/org/seleniumhq/selenium/jetty-repacked/9.4.12.v20180830/jetty-repacked-9.4.12.v20180830.jar:/Users/mohammedmannan/.m2/repository/com/squareup/okhttp3/okhttp/3.11.0/okhttp-3.11.0.jar:/Users/mohammedmannan/.m2/repository/com/squareup/okio/okio/1.14.0/okio-1.14.0.jar:/Users/mohammedmannan/.m2/repository/javax/servlet/javax.servlet-api/3.1.0/javax.servlet-api-3.1.0.jar:/Users/mohammedmannan/.m2/repository/org/yaml/snakeyaml/1.19/snakeyaml-1.19.jar:/Users/mohammedmannan/.m2/repository/org/seleniumhq/selenium/selenium-java/3.141.59/selenium-java-3.141.59.jar:/Users/mohammedmannan/.m2/repository/org/testng/testng/6.14.3/testng-6.14.3.jar:/Users/mohammedmannan/.m2/repository/org/apache-extras/beanshell/bsh/2.0b6/bsh-2.0b6.jar:/Users/mohammedmannan/.m2/repository/mysql/mysql-connector-java/8.0.15/mysql-connector-java-8.0.15.jar:/Users/mohammedmannan/.m2/repository/com/google/protobuf/protobuf-java/3.6.1/protobuf-java-3.6.1.jar:/Users/mohammedmannan/.m2/repository/org/mongodb/mongodb-driver/3.4.0/mongodb-driver-3.4.0.jar:/Users/mohammedmannan/.m2/repository/org/mongodb/mongodb-driver-core/3.4.0/mongodb-driver-core-3.4.0.jar:/Users/mohammedmannan/.m2/repository/org/mongodb/bson/3.4.0/bson-3.4.0.jar:/Users/mohammedmannan/.m2/repository/org/apache/poi/poi/3.17/poi-3.17.jar:/Users/mohammedmannan/.m2/repository/commons-codec/commons-codec/1.10/commons-codec-1.10.jar:/Users/mohammedmannan/.m2/repository/org/apache/commons/commons-collections4/4.1/commons-collections4-4.1.jar:/Users/mohammedmannan/.m2/repository/com/aventstack/extentreports/3.0.7/extentreports-3.0.7.jar:/Users/mohammedmannan/.m2/repository/org/freemarker/freemarker/2.3.23/freemarker-2.3.23.jar:/Users/mohammedmannan/.m2/repository/org/apache/httpcomponents/httpclient/4.5.2/httpclient-4.5.2.jar:/Users/mohammedmannan/.m2/repository/org/apache/httpcomponents/httpcore/4.4.4/httpcore-4.4.4.jar:/Users/mohammedmannan/.m2/repository/commons-logging/commons-logging/1.2/commons-logging-1.2.jar:/Users/mohammedmannan/.m2/repository/org/apache/httpcomponents/httpmime/4.5.2/httpmime-4.5.2.jar:/Users/mohammedmannan/.m2/repository/org/jsoup/jsoup/1.9.2/jsoup-1.9.2.jar:/Users/mohammedmannan/.m2/repository/com/google/code/gson/gson/2.8.0/gson-2.8.0.jar:/Users/mohammedmannan/.m2/repository/com/relevantcodes/extentreports/2.41.1/extentreports-2.41.1.jar:/Users/mohammedmannan/.m2/repository/org/xerial/sqlite-jdbc/3.8.11.1/sqlite-jdbc-3.8.11.1.jar:/Users/mohammedmannan/.m2/repository/org/apache/commons/commons-lang3/3.0/commons-lang3-3.0.jar:/Users/mohammedmannan/.m2/repository/commons-io/commons-io/2.5/commons-io-2.5.jar:/Users/mohammedmannan/.m2/repository/io/cucumber/cucumber-java/4.2.3/cucumber-java-4.2.3.jar:/Users/mohammedmannan/.m2/repository/io/cucumber/cucumber-picocontainer/4.2.3/cucumber-picocontainer-4.2.3.jar:/Users/mohammedmannan/.m2/repository/org/picocontainer/picocontainer/2.15/picocontainer-2.15.jar:/Users/mohammedmannan/.m2/repository/io/cucumber/cucumber-junit/4.2.3/cucumber-junit-4.2.3.jar:/Users/mohammedmannan/.m2/repository/junit/junit/4.12/junit-4.12.jar:/Users/mohammedmannan/.m2/repository/org/hamcrest/hamcrest-core/1.3/hamcrest-core-1.3.jar:/Users/mohammedmannan/.m2/repository/io/cucumber/cucumber-core/4.2.3/cucumber-core-4.2.3.jar:/Users/mohammedmannan/.m2/repository/io/cucumber/cucumber-html/0.2.7/cucumber-html-0.2.7.jar:/Users/mohammedmannan/.m2/repository/io/cucumber/gherkin/5.1.0/gherkin-5.1.0.jar:/Users/mohammedmannan/.m2/repository/io/cucumber/tag-expressions/1.1.1/tag-expressions-1.1.1.jar:/Users/mohammedmannan/.m2/repository/io/cucumber/cucumber-expressions/6.2.0/cucumber-expressions-6.2.0.jar:/Users/mohammedmannan/.m2/repository/io/cucumber/datatable/1.1.12/datatable-1.1.12.jar:/Users/mohammedmannan/.m2/repository/io/cucumber/datatable-dependencies/1.1.12/datatable-dependencies-1.1.12.jar:/Users/mohammedmannan/.m2/repository/io/cucumber/cucumber-testng/4.2.3/cucumber-testng-4.2.3.jar:"/>
    <property name="sun.cpu.endian" value="little"/>
    <property name="user.home" value="/Users/mohammedmannan"/>
    <property name="user.language" value="en"/>
    <property name="java.specification.vendor" value="Oracle Corporation"/>
    <property name="java.home" value="/Library/Java/JavaVirtualMachines/jdk1.8.0_201.jdk/Contents/Home/jre"/>
    <property name="basedir" value="/Users/mohammedmannan/IdeaProjects/WebAutomationGroup3/Cigna"/>
    <property name="file.separator" value="/"/>
    <property name="line.separator" value="&#10;"/>
    <property name="java.vm.specification.vendor" value="Oracle Corporation"/>
    <property name="java.specification.name" value="Java Platform API Specification"/>
    <property name="java.awt.graphicsenv" value="sun.awt.CGraphicsEnvironment"/>
    <property name="surefire.real.class.path" value="/Users/mohammedmannan/IdeaProjects/WebAutomationGroup3/Cigna/target/surefire/surefirebooter1384573021712053538.jar"/>
    <property name="sun.boot.class.path" value="/Library/Java/JavaVirtualMachines/jdk1.8.0_201.jdk/Contents/Home/jre/lib/resources.jar:/Library/Java/JavaVirtualMachines/jdk1.8.0_201.jdk/Contents/Home/jre/lib/rt.jar:/Library/Java/JavaVirtualMachines/jdk1.8.0_201.jdk/Contents/Home/jre/lib/sunrsasign.jar:/Library/Java/JavaVirtualMachines/jdk1.8.0_201.jdk/Contents/Home/jre/lib/jsse.jar:/Library/Java/JavaVirtualMachines/jdk1.8.0_201.jdk/Contents/Home/jre/lib/jce.jar:/Library/Java/JavaVirtualMachines/jdk1.8.0_201.jdk/Contents/Home/jre/lib/charsets.jar:/Library/Java/JavaVirtualMachines/jdk1.8.0_201.jdk/Contents/Home/jre/lib/jfr.jar:/Library/Java/JavaVirtualMachines/jdk1.8.0_201.jdk/Contents/Home/jre/classes"/>
    <property name="sun.management.compiler" value="HotSpot 64-Bit Tiered Compilers"/>
    <property name="ftp.nonProxyHosts" value="local|*.local|169.254/16|*.169.254/16"/>
    <property name="java.runtime.version" value="1.8.0_201-b09"/>
    <property name="user.name" value="mohammedmannan"/>
    <property name="path.separator" value=":"/>
    <property name="os.version" value="10.14.4"/>
    <property name="java.endorsed.dirs" value="/Library/Java/JavaVirtualMachines/jdk1.8.0_201.jdk/Contents/Home/jre/lib/endorsed"/>
    <property name="java.runtime.name" value="Java(TM) SE Runtime Environment"/>
    <property name="file.encoding" value="UTF-8"/>
    <property name="java.vm.name" value="Java HotSpot(TM) 64-Bit Server VM"/>
    <property name="localRepository" value="/Users/mohammedmannan/.m2/repository"/>
    <property name="java.vendor.url.bug" value="http://bugreport.sun.com/bugreport/"/>
    <property name="java.io.tmpdir" value="/var/folders/fn/3p_klx610sl221q_zp141kph0000gn/T/"/>
    <property name="idea.version" value="2018.3.5"/>
    <property name="java.version" value="1.8.0_201"/>
    <property name="user.dir" value="/Users/mohammedmannan/IdeaProjects/WebAutomationGroup3/Cigna"/>
    <property name="os.arch" value="x86_64"/>
    <property name="java.vm.specification.name" value="Java Virtual Machine Specification"/>
    <property name="java.awt.printerjob" value="sun.lwawt.macosx.CPrinterJob"/>
    <property name="sun.os.patch.level" value="unknown"/>
    <property name="java.library.path" value="/Users/mohammedmannan/Library/Java/Extensions:/Library/Java/Extensions:/Network/Library/Java/Extensions:/System/Library/Java/Extensions:/usr/lib/java:."/>
    <property name="java.vm.info" value="mixed mode"/>
    <property name="java.vendor" value="Oracle Corporation"/>
    <property name="java.vm.version" value="25.201-b09"/>
    <property name="java.ext.dirs" value="/Users/mohammedmannan/Library/Java/Extensions:/Library/Java/JavaVirtualMachines/jdk1.8.0_201.jdk/Contents/Home/jre/lib/ext:/Library/Java/Extensions:/Network/Library/Java/Extensions:/System/Library/Java/Extensions:/usr/lib/java"/>
    <property name="sun.io.unicode.encoding" value="UnicodeBig"/>
    <property name="java.class.version" value="52.0"/>
    <property name="socksNonProxyHosts" value="local|*.local|169.254/16|*.169.254/16"/>
  </properties>
  <testcase name="aboutUsLinkClickTest" classname="cignahomepage.CignaHomePageTest" time="5.75"/>
  <testcase name="cignaInternationalLinkClickTest" classname="cignahomepage.CignaHomePageTest" time="4.459"/>
  <testcase name="contactUsLinkClickTest" classname="cignahomepage.CignaHomePageTest" time="6.769"/>
  <testcase name="dentalInsuranceTabClickTest" classname="cignahomepage.CignaHomePageTest" time="5.098"/>
  <testcase name="disasterResourceCenterLinkTest" classname="cignahomepage.CignaHomePageTest" time="4.266"/>
  <testcase name="employeePlansAndPoliciesTabClick" classname="cignahomepage.CignaHomePageTest" time="4.036"/>
  <testcase name="employerGroupSolutionsTabTest" classname="cignahomepage.CignaHomePageTest" time="3.901"/>
  <testcase name="employersAndProvidersLinkClickTest" classname="cignahomepage.CignaHomePageTest" time="4.186"/>
  <testcase name="findADoctorDentistOrFacilityLinkClickTest" classname="cignahomepage.CignaHomePageTest" time="4.222"/>
  <testcase name="healthCareProvidersLinkClickTest" classname="cignahomepage.CignaHomePageTest" time="3.94"/>
  <testcase name="healthInsuranceTabClickTest" classname="cignahomepage.CignaHomePageTest" time="3.923"/>
  <testcase name="homePageNavigationTest" classname="cignahomepage.CignaHomePageTest" time="4.647"/>
  <testcase name="individualsAndFamiliesTabLinkClickTest" classname="cignahomepage.CignaHomePageTest" time="4.794"/>
  <testcase name="internationalCoverageTabClickTest" classname="cignahomepage.CignaHomePageTest" time="4.587"/>
  <testcase name="learnMoreAboutTheConnectionTabClick" classname="cignahomepage.CignaHomePageTest" time="4.678"/>
  <testcase name="logInToMyCignaTabClick" classname="cignahomepage.CignaHomePageTest" time="4.177"/>
  <testcase name="medicareProductsTabClickTest" classname="cignahomepage.CignaHomePageTest" time="3.123"/>
  <testcase name="medicareSupplementInsuranceTeaserContentClickTest" classname="cignahomepage.CignaHomePageTest" time="4.183"/>
  <testcase name="otherSupplementalInsuranceTabClickTest" classname="cignahomepage.CignaHomePageTest" time="4.764"/>
  <testcase name="shopDentalPlansTabClickTest" classname="cignahomepage.CignaHomePageTest" time="4.002"/>
  <testcase name="shopMedicareSupplimentPlansTabClick" classname="cignahomepage.CignaHomePageTest" time="3.106"/>
  <testcase name="loginToMyCignaTabClickTest" classname="loginpage.LoginPageTest" time="4.176"/>
  <testcase name="setUserNameTest" classname="loginpage.LoginPageTest" time="10.068">
    <failure message="no such element: Unable to locate element: {&quot;method&quot;:&quot;css selector&quot;,&quot;selector&quot;:&quot;#username&quot;}&#10;  (Session info: chrome=73.0.3683.86)&#10;  (Driver info: chromedriver=2.46.628411 (3324f4c8be9ff2f70a05a30ebc72ffb013e1a71e),platform=Mac OS X 10.14.4 x86_64) (WARNING: The server did not provide any stacktrace information)&#10;Command duration or timeout: 0 milliseconds&#10;For documentation on this error, please visit: https://www.seleniumhq.org/exceptions/no_such_element.html&#10;Build info: version: &apos;3.141.59&apos;, revision: &apos;e82be7d358&apos;, time: &apos;2018-11-14T08:17:03&apos;&#10;System info: host: &apos;Mohammeds-MBP.fios-router.home&apos;, ip: &apos;fe80:0:0:0:1856:787:879e:c6be%en0&apos;, os.name: &apos;Mac OS X&apos;, os.arch: &apos;x86_64&apos;, os.version: &apos;10.14.4&apos;, java.version: &apos;1.8.0_201&apos;&#10;Driver info: org.openqa.selenium.chrome.ChromeDriver&#10;Capabilities {acceptInsecureCerts: false, acceptSslCerts: false, applicationCacheEnabled: false, browserConnectionEnabled: false, browserName: chrome, chrome: {chromedriverVersion: 2.46.628411 (3324f4c8be9ff2..., userDataDir: /var/folders/fn/3p_klx610sl...}, cssSelectorsEnabled: true, databaseEnabled: false, goog:chromeOptions: {debuggerAddress: localhost:56208}, handlesAlerts: true, hasTouchScreen: false, javascriptEnabled: true, locationContextEnabled: true, mobileEmulationEnabled: false, nativeEvents: true, networkConnectionEnabled: false, pageLoadStrategy: normal, platform: MAC, platformName: MAC, proxy: Proxy(), rotatable: false, setWindowRect: true, strictFileInteractability: false, takesHeapSnapshot: true, takesScreenshot: true, timeouts: {implicit: 0, pageLoad: 300000, script: 30000}, unexpectedAlertBehaviour: ignore, unhandledPromptBehavior: ignore, version: 73.0.3683.86, webStorageEnabled: true}&#10;Session ID: cd6268083fed364c1f237926b8251e7c&#10;*** Element info: {Using=css selector, value=#username}" type="org.openqa.selenium.NoSuchElementException">org.openqa.selenium.NoSuchElementException: 
no such element: Unable to locate element: {"method":"css selector","selector":"#username"}
  (Session info: chrome=73.0.3683.86)
  (Driver info: chromedriver=2.46.628411 (3324f4c8be9ff2f70a05a30ebc72ffb013e1a71e),platform=Mac OS X 10.14.4 x86_64) (WARNING: The server did not provide any stacktrace information)
Command duration or timeout: 0 milliseconds
For documentation on this error, please visit: https://www.seleniumhq.org/exceptions/no_such_element.html
Build info: version: '3.141.59', revision: 'e82be7d358', time: '2018-11-14T08:17:03'
System info: host: 'Mohammeds-MBP.fios-router.home', ip: 'fe80:0:0:0:1856:787:879e:c6be%en0', os.name: 'Mac OS X', os.arch: 'x86_64', os.version: '10.14.4', java.version: '1.8.0_201'
Driver info: org.openqa.selenium.chrome.ChromeDriver
Capabilities {acceptInsecureCerts: false, acceptSslCerts: false, applicationCacheEnabled: false, browserConnectionEnabled: false, browserName: chrome, chrome: {chromedriverVersion: 2.46.628411 (3324f4c8be9ff2..., userDataDir: /var/folders/fn/3p_klx610sl...}, cssSelectorsEnabled: true, databaseEnabled: false, goog:chromeOptions: {debuggerAddress: localhost:56208}, handlesAlerts: true, hasTouchScreen: false, javascriptEnabled: true, locationContextEnabled: true, mobileEmulationEnabled: false, nativeEvents: true, networkConnectionEnabled: false, pageLoadStrategy: normal, platform: MAC, platformName: MAC, proxy: Proxy(), rotatable: false, setWindowRect: true, strictFileInteractability: false, takesHeapSnapshot: true, takesScreenshot: true, timeouts: {implicit: 0, pageLoad: 300000, script: 30000}, unexpectedAlertBehaviour: ignore, unhandledPromptBehavior: ignore, version: 73.0.3683.86, webStorageEnabled: true}
Session ID: cd6268083fed364c1f237926b8251e7c
*** Element info: {Using=css selector, value=#username}
	at loginpage.LoginPageTest.setUserNameTest(LoginPageTest.java:21)
</failure>
    <system-err><![CDATA[Starting ChromeDriver 2.46.628411 (3324f4c8be9ff2f70a05a30ebc72ffb013e1a71e) on port 4717
Only local connections are allowed.
Please protect ports used by ChromeDriver and related test frameworks to prevent access by malicious code.
Apr 01, 2019 6:08:18 PM org.openqa.selenium.remote.ProtocolHandshake createSession
INFO: Detected dialect: OSS
]]></system-err>
  </testcase>
</testsuite>